<?xml version="1.0" encoding="UTF-8"?>
<!-- Generated by org.testng.reporters.JUnitXMLReporter -->
<testsuite ignored="0" hostname="pabi" failures="0" tests="4" name="Default test" time="39.046" errors="0" timestamp="2022-09-30T10:40:13 CDT">
  <testcase classname="gbuxssCreation.Tests.SubmitOrderTest" name="submitOrder" time="6.516"/>
  <testcase classname="gbuxssCreation.Tests.SubmitOrderTest" name="submitOrder" time="6.45"/>
  <testcase classname="gbuxssCreation.Tests.SubmitOrderTest" name="verifyOrders" time="1.845"/>
  <testcase classname="gbuxssCreation.Tests.SubmitOrderTest" name="verifyOrders" time="1.882"/>
</testsuite> <!-- Default test -->
