<?xml version="1.0" encoding="UTF-8"?>
<!-- Generated by org.testng.reporters.JUnitXMLReporter -->
<testsuite ignored="0" hostname="pabi" failures="0" tests="4" name="Error Validation Test" time="33.461" errors="0" timestamp="2022-10-04T09:59:28 CDT">
  <testcase classname="gbuxssCreation.Tests.ErrorValidationTest" name="loginValidation" time="1.426"/>
  <testcase classname="gbuxssCreation.Tests.ErrorValidationTest" name="loginValidation" time="1.355"/>
  <testcase classname="gbuxssCreation.Tests.ErrorValidationTest" name="validatecorrectProdct" time="4.094"/>
  <testcase classname="gbuxssCreation.Tests.ErrorValidationTest" name="validatecorrectProdct" time="4.19"/>
</testsuite> <!-- Error Validation Test -->
