<?xml version="1.0" encoding="UTF-8"?>
<!-- Generated by org.testng.reporters.JUnitXMLReporter -->
<testsuite ignored="0" hostname="pabi" failures="0" tests="4" name="Submit Order Test" time="39.253" errors="0" timestamp="2022-10-04T09:59:34 CDT">
  <testcase classname="gbuxssCreation.Tests.SubmitOrderTest" name="submitOrder" time="6.664"/>
  <testcase classname="gbuxssCreation.Tests.SubmitOrderTest" name="submitOrder" time="6.759"/>
  <testcase classname="gbuxssCreation.Tests.SubmitOrderTest" name="verifyOrders" time="2.19"/>
  <testcase classname="gbuxssCreation.Tests.SubmitOrderTest" name="verifyOrders" time="1.75"/>
</testsuite> <!-- Submit Order Test -->
