<?xml version="1.0" encoding="UTF-8"?>
<!-- Generated by org.testng.reporters.JUnitXMLReporter -->
<testsuite ignored="0" hostname="pabi" failures="0" tests="4" name="Error Validation Test" time="34.997" errors="0" timestamp="2022-10-04T11:08:08 CDT">
  <testcase classname="gbuxssCreation.Tests.ErrorValidationTest" name="loginValidation" time="1.662"/>
  <testcase classname="gbuxssCreation.Tests.ErrorValidationTest" name="loginValidation" time="1.154"/>
  <testcase classname="gbuxssCreation.Tests.ErrorValidationTest" name="validatecorrectProdct" time="4.065"/>
  <testcase classname="gbuxssCreation.Tests.ErrorValidationTest" name="validatecorrectProdct" time="3.688"/>
</testsuite> <!-- Error Validation Test -->
