<?xml version="1.0" encoding="UTF-8"?>
<!-- Generated by org.testng.reporters.JUnitXMLReporter -->
<testsuite ignored="0" hostname="pabi" failures="0" tests="4" name="Submit Order Test" time="40.335" errors="0" timestamp="2022-10-04T11:08:13 CDT">
  <testcase classname="gbuxssCreation.Tests.SubmitOrderTest" name="submitOrder" time="6.817"/>
  <testcase classname="gbuxssCreation.Tests.SubmitOrderTest" name="submitOrder" time="6.565"/>
  <testcase classname="gbuxssCreation.Tests.SubmitOrderTest" name="verifyOrders" time="1.966"/>
  <testcase classname="gbuxssCreation.Tests.SubmitOrderTest" name="verifyOrders" time="1.771"/>
</testsuite> <!-- Submit Order Test -->
